<?xml version="1.0" encoding="UTF-8"?>
<testng-results skipped="0" failed="0" ignored="0" total="1" passed="1">
  <reporter-output>
  </reporter-output>
  <suite name="Suite" duration-ms="39270" started-at="2018-03-20T01:18:59Z" finished-at="2018-03-20T01:19:39Z">
    <groups>
    </groups>
    <test name="Test" duration-ms="39270" started-at="2018-03-20T01:18:59Z" finished-at="2018-03-20T01:19:39Z">
      <class name="com.first.Firsttest">
        <test-method status="PASS" signature="brwser_set()[pri:0, instance:com.first.Firsttest@2a556333]" name="brwser_set" is-config="true" duration-ms="23514" started-at="2018-03-20T01:18:59Z" finished-at="2018-03-20T01:19:23Z">
          <reporter-output>
          </reporter-output>
        </test-method> <!-- brwser_set -->
        <test-method status="PASS" signature="brwsr_open()[pri:0, instance:com.first.Firsttest@2a556333]" name="brwsr_open" is-config="true" duration-ms="9906" started-at="2018-03-20T01:19:23Z" finished-at="2018-03-20T01:19:33Z">
          <reporter-output>
          </reporter-output>
        </test-method> <!-- brwsr_open -->
        <test-method status="PASS" signature="verifyingpage()[pri:0, instance:com.first.Firsttest@2a556333]" name="verifyingpage" duration-ms="5214" started-at="2018-03-20T01:19:33Z" finished-at="2018-03-20T01:19:38Z">
          <reporter-output>
          </reporter-output>
        </test-method> <!-- verifyingpage -->
        <test-method status="PASS" signature="close_brwsr()[pri:0, instance:com.first.Firsttest@2a556333]" name="close_brwsr" is-config="true" duration-ms="495" started-at="2018-03-20T01:19:38Z" finished-at="2018-03-20T01:19:39Z">
          <reporter-output>
          </reporter-output>
        </test-method> <!-- close_brwsr -->
      </class> <!-- com.first.Firsttest -->
    </test> <!-- Test -->
  </suite> <!-- Suite -->
</testng-results>
